This is pdfTeX, Version 3.141592653-2.6-1.40.24 (MiKTeX 23.1) (preloaded format=pdflatex 2023.2.3)  11 MAR 2024 19:54
entering extended mode
 restricted \write18 enabled.
 %&-line parsing enabled.
**./root.tex
(root.tex
LaTeX2e <2022-11-01> patch level 1
L3 programming layer <2023-01-24> (ieeeconf.cls
Document Class: ieeeconf 2016/4/23 revision V1.6b by Pradeep Misra
\@IEEEtrantmpdimenA=\dimen140
\@IEEEtrantmpdimenB=\dimen141
\@IEEEtrantmpcountA=\count185
\@IEEEtrantmpcountB=\count186
\@IEEEtrantmptoksA=\toks16
LaTeX Font Info:    Trying to load font information for OT1+ptm on input line 7
94.
(C:\Users\Jakob\AppData\Local\Programs\MiKTeX\tex/latex/psnfss\ot1ptm.fd
File: ot1ptm.fd 2001/06/04 font definitions for OT1/ptm.
)
\@IEEEnormalsizefontbaselineskip=\skip48

-- This is a 10 point document.
\normalsizebaselineskip=\skip49
\normaljot=\skip50
LaTeX Font Info:    Font shape `OT1/ptm/bx/n' in size <5> not available
(Font)              Font shape `OT1/ptm/b/n' tried instead on input line 1113.
LaTeX Font Info:    Font shape `OT1/ptm/bx/it' in size <5> not available
(Font)              Font shape `OT1/ptm/b/it' tried instead on input line 1113.

LaTeX Font Info:    Font shape `OT1/ptm/bx/n' in size <7> not available
(Font)              Font shape `OT1/ptm/b/n' tried instead on input line 1113.
LaTeX Font Info:    Font shape `OT1/ptm/bx/it' in size <7> not available
(Font)              Font shape `OT1/ptm/b/it' tried instead on input line 1113.

LaTeX Font Info:    Font shape `OT1/ptm/bx/n' in size <8> not available
(Font)              Font shape `OT1/ptm/b/n' tried instead on input line 1113.
LaTeX Font Info:    Font shape `OT1/ptm/bx/it' in size <8> not available
(Font)              Font shape `OT1/ptm/b/it' tried instead on input line 1113.

LaTeX Font Info:    Font shape `OT1/ptm/bx/n' in size <9> not available
(Font)              Font shape `OT1/ptm/b/n' tried instead on input line 1113.
LaTeX Font Info:    Font shape `OT1/ptm/bx/it' in size <9> not available
(Font)              Font shape `OT1/ptm/b/it' tried instead on input line 1113.

LaTeX Font Info:    Font shape `OT1/ptm/bx/n' in size <10> not available
(Font)              Font shape `OT1/ptm/b/n' tried instead on input line 1113.
LaTeX Font Info:    Font shape `OT1/ptm/bx/it' in size <10> not available
(Font)              Font shape `OT1/ptm/b/it' tried instead on input line 1113.

LaTeX Font Info:    Font shape `OT1/ptm/bx/n' in size <11> not available
(Font)              Font shape `OT1/ptm/b/n' tried instead on input line 1113.
LaTeX Font Info:    Font shape `OT1/ptm/bx/it' in size <11> not available
(Font)              Font shape `OT1/ptm/b/it' tried instead on input line 1113.

LaTeX Font Info:    Font shape `OT1/ptm/bx/n' in size <12> not available
(Font)              Font shape `OT1/ptm/b/n' tried instead on input line 1113.
LaTeX Font Info:    Font shape `OT1/ptm/bx/it' in size <12> not available
(Font)              Font shape `OT1/ptm/b/it' tried instead on input line 1113.

LaTeX Font Info:    Font shape `OT1/ptm/bx/n' in size <16> not available
(Font)              Font shape `OT1/ptm/b/n' tried instead on input line 1113.
LaTeX Font Info:    Font shape `OT1/ptm/bx/it' in size <16> not available
(Font)              Font shape `OT1/ptm/b/it' tried instead on input line 1113.

LaTeX Font Info:    Font shape `OT1/ptm/bx/n' in size <20> not available
(Font)              Font shape `OT1/ptm/b/n' tried instead on input line 1113.
LaTeX Font Info:    Font shape `OT1/ptm/bx/it' in size <20> not available
(Font)              Font shape `OT1/ptm/b/it' tried instead on input line 1113.

LaTeX Font Info:    Font shape `OT1/ptm/bx/n' in size <24> not available
(Font)              Font shape `OT1/ptm/b/n' tried instead on input line 1113.
LaTeX Font Info:    Font shape `OT1/ptm/bx/it' in size <24> not available
(Font)              Font shape `OT1/ptm/b/it' tried instead on input line 1113.

\IEEEilabelindentA=\dimen142
\IEEEilabelindentB=\dimen143
\IEEEilabelindent=\dimen144
\IEEEelabelindent=\dimen145
\IEEEdlabelindent=\dimen146
\labelindent=\dimen147
\IEEEiednormlabelsep=\dimen148
\IEEEiedmathlabelsep=\dimen149
\IEEEiedtopsep=\skip51
\c@section=\count187
\c@subsection=\count188
\c@subsubsection=\count189
\c@paragraph=\count190
\c@IEEEsubequation=\count191
\abovecaptionskip=\skip52
\belowcaptionskip=\skip53
\c@figure=\count192
\c@table=\count193
\@IEEEeqnnumcols=\count194
\@IEEEeqncolcnt=\count195
\@IEEEtmpitemindent=\dimen150
\c@biography=\count196
\@IEEEtranrubishbin=\box51
)
** ATTENTION: Overriding command lockouts (line 11).
** ATTENTION: Overriding IEEE standard margins (line 14).
(C:\Users\Jakob\AppData\Local\Programs\MiKTeX\tex/latex/amsmath\amsmath.sty
Package: amsmath 2022/04/08 v2.17n AMS math features
\@mathmargin=\skip54

For additional information on amsmath, use the `?' option.
(C:\Users\Jakob\AppData\Local\Programs\MiKTeX\tex/latex/amsmath\amstext.sty
Package: amstext 2021/08/26 v2.01 AMS text

(C:\Users\Jakob\AppData\Local\Programs\MiKTeX\tex/latex/amsmath\amsgen.sty
File: amsgen.sty 1999/11/30 v2.0 generic functions
\@emptytoks=\toks17
\ex@=\dimen151
))
(C:\Users\Jakob\AppData\Local\Programs\MiKTeX\tex/latex/amsmath\amsbsy.sty
Package: amsbsy 1999/11/29 v1.2d Bold Symbols
\pmbraise@=\dimen152
)
(C:\Users\Jakob\AppData\Local\Programs\MiKTeX\tex/latex/amsmath\amsopn.sty
Package: amsopn 2022/04/08 v2.04 operator names
)
\inf@bad=\count197
LaTeX Info: Redefining \frac on input line 234.
\uproot@=\count198
\leftroot@=\count199
LaTeX Info: Redefining \overline on input line 399.
LaTeX Info: Redefining \colon on input line 410.
\classnum@=\count266
\DOTSCASE@=\count267
LaTeX Info: Redefining \ldots on input line 496.
LaTeX Info: Redefining \dots on input line 499.
LaTeX Info: Redefining \cdots on input line 620.
\Mathstrutbox@=\box52
\strutbox@=\box53
LaTeX Info: Redefining \big on input line 722.
LaTeX Info: Redefining \Big on input line 723.
LaTeX Info: Redefining \bigg on input line 724.
LaTeX Info: Redefining \Bigg on input line 725.
\big@size=\dimen153
LaTeX Font Info:    Redeclaring font encoding OML on input line 743.
LaTeX Font Info:    Redeclaring font encoding OMS on input line 744.
\macc@depth=\count268
LaTeX Info: Redefining \bmod on input line 905.
LaTeX Info: Redefining \pmod on input line 910.
LaTeX Info: Redefining \smash on input line 940.
LaTeX Info: Redefining \relbar on input line 970.
LaTeX Info: Redefining \Relbar on input line 971.
\c@MaxMatrixCols=\count269
\dotsspace@=\muskip16
\c@parentequation=\count270
\dspbrk@lvl=\count271
\tag@help=\toks18
\row@=\count272
\column@=\count273
\maxfields@=\count274
\andhelp@=\toks19
\eqnshift@=\dimen154
\alignsep@=\dimen155
\tagshift@=\dimen156
\tagwidth@=\dimen157
\totwidth@=\dimen158
\lineht@=\dimen159
\@envbody=\toks20
\multlinegap=\skip55
\multlinetaggap=\skip56
\mathdisplay@stack=\toks21
LaTeX Info: Redefining \[ on input line 2953.
LaTeX Info: Redefining \] on input line 2954.
)
(C:\Users\Jakob\AppData\Local\Programs\MiKTeX\tex/latex/amsfonts\amssymb.sty
Package: amssymb 2013/01/14 v3.01 AMS font symbols

(C:\Users\Jakob\AppData\Local\Programs\MiKTeX\tex/latex/amsfonts\amsfonts.sty
Package: amsfonts 2013/01/14 v3.01 Basic AMSFonts support
\symAMSa=\mathgroup4
\symAMSb=\mathgroup5
LaTeX Font Info:    Redeclaring math symbol \hbar on input line 98.
LaTeX Font Info:    Overwriting math alphabet `\mathfrak' in version `bold'
(Font)                  U/euf/m/n --> U/euf/b/n on input line 106.
)) (C:\Users\Jakob\AppData\Local\Programs\MiKTeX\tex/latex/hyperref\hyperref.st
y
Package: hyperref 2022-11-13 v7.00u Hypertext links for LaTeX

(C:\Users\Jakob\AppData\Local\Programs\MiKTeX\tex/generic/ltxcmds\ltxcmds.sty
Package: ltxcmds 2020-05-10 v1.25 LaTeX kernel commands for general use (HO)
)
(C:\Users\Jakob\AppData\Local\Programs\MiKTeX\tex/generic/iftex\iftex.sty
Package: iftex 2022/02/03 v1.0f TeX engine tests
)
(C:\Users\Jakob\AppData\Local\Programs\MiKTeX\tex/generic/pdftexcmds\pdftexcmds
.sty
Package: pdftexcmds 2020-06-27 v0.33 Utility functions of pdfTeX for LuaTeX (HO
)

(C:\Users\Jakob\AppData\Local\Programs\MiKTeX\tex/generic/infwarerr\infwarerr.s
ty
Package: infwarerr 2019/12/03 v1.5 Providing info/warning/error messages (HO)
)
Package pdftexcmds Info: \pdf@primitive is available.
Package pdftexcmds Info: \pdf@ifprimitive is available.
Package pdftexcmds Info: \pdfdraftmode found.
)
(C:\Users\Jakob\AppData\Local\Programs\MiKTeX\tex/latex/graphics\keyval.sty
Package: keyval 2022/05/29 v1.15 key=value parser (DPC)
\KV@toks@=\toks22
)
(C:\Users\Jakob\AppData\Local\Programs\MiKTeX\tex/latex/kvsetkeys\kvsetkeys.sty
Package: kvsetkeys 2022-10-05 v1.19 Key value parser (HO)
)
(C:\Users\Jakob\AppData\Local\Programs\MiKTeX\tex/generic/kvdefinekeys\kvdefine
keys.sty
Package: kvdefinekeys 2019-12-19 v1.6 Define keys (HO)
)
(C:\Users\Jakob\AppData\Local\Programs\MiKTeX\tex/generic/pdfescape\pdfescape.s
ty
Package: pdfescape 2019/12/09 v1.15 Implements pdfTeX's escape features (HO)
) (C:\Users\Jakob\AppData\Local\Programs\MiKTeX\tex/latex/hycolor\hycolor.sty
Package: hycolor 2020-01-27 v1.10 Color options for hyperref/bookmark (HO)
)
(C:\Users\Jakob\AppData\Local\Programs\MiKTeX\tex/latex/letltxmacro\letltxmacro
.sty
Package: letltxmacro 2019/12/03 v1.6 Let assignment for LaTeX macros (HO)
)
(C:\Users\Jakob\AppData\Local\Programs\MiKTeX\tex/latex/auxhook\auxhook.sty
Package: auxhook 2019-12-17 v1.6 Hooks for auxiliary files (HO)
)
(C:\Users\Jakob\AppData\Local\Programs\MiKTeX\tex/latex/hyperref\nameref.sty
Package: nameref 2022-05-17 v2.50 Cross-referencing by name of section

(C:\Users\Jakob\AppData\Local\Programs\MiKTeX\tex/latex/refcount\refcount.sty
Package: refcount 2019/12/15 v3.6 Data extraction from label references (HO)
)
(C:\Users\Jakob\AppData\Local\Programs\MiKTeX\tex/generic/gettitlestring\gettit
lestring.sty
Package: gettitlestring 2019/12/15 v1.6 Cleanup title references (HO)

(C:\Users\Jakob\AppData\Local\Programs\MiKTeX\tex/latex/kvoptions\kvoptions.sty
Package: kvoptions 2022-06-15 v3.15 Key value format for package options (HO)
))
\c@section@level=\count275
)
\@linkdim=\dimen160
\Hy@linkcounter=\count276
\Hy@pagecounter=\count277
 (C:\Users\Jakob\AppData\Local\Programs\MiKTeX\tex/latex/hyperref\pd1enc.def
File: pd1enc.def 2022-11-13 v7.00u Hyperref: PDFDocEncoding definition (HO)
Now handling font encoding PD1 ...
... no UTF-8 mapping file for font encoding PD1
) (C:\Users\Jakob\AppData\Local\Programs\MiKTeX\tex/generic/intcalc\intcalc.sty
Package: intcalc 2019/12/15 v1.3 Expandable calculations with integers (HO)
)
(C:\Users\Jakob\AppData\Local\Programs\MiKTeX\tex/generic/etexcmds\etexcmds.sty
Package: etexcmds 2019/12/15 v1.7 Avoid name clashes with e-TeX commands (HO)
)
\Hy@SavedSpaceFactor=\count278
 (C:\Users\Jakob\AppData\Local\Programs\MiKTeX\tex/latex/hyperref\puenc.def
File: puenc.def 2022-11-13 v7.00u Hyperref: PDF Unicode definition (HO)
Now handling font encoding PU ...
... no UTF-8 mapping file for font encoding PU
)
Package hyperref Info: Hyper figures OFF on input line 4162.
Package hyperref Info: Link nesting OFF on input line 4167.
Package hyperref Info: Hyper index ON on input line 4170.
Package hyperref Info: Plain pages OFF on input line 4177.
Package hyperref Info: Backreferencing OFF on input line 4182.
Package hyperref Info: Implicit mode ON; LaTeX internals redefined.
Package hyperref Info: Bookmarks ON on input line 4410.
\c@Hy@tempcnt=\count279

(C:\Users\Jakob\AppData\Local\Programs\MiKTeX\tex/latex/url\url.sty
\Urlmuskip=\muskip17
Package: url 2013/09/16  ver 3.4  Verb mode for urls, etc.
)
LaTeX Info: Redefining \url on input line 4748.
\XeTeXLinkMargin=\dimen161

(C:\Users\Jakob\AppData\Local\Programs\MiKTeX\tex/generic/bitset\bitset.sty
Package: bitset 2019/12/09 v1.3 Handle bit-vector datatype (HO)

(C:\Users\Jakob\AppData\Local\Programs\MiKTeX\tex/generic/bigintcalc\bigintcalc
.sty
Package: bigintcalc 2019/12/15 v1.5 Expandable calculations on big integers (HO
)
))
\Fld@menulength=\count280
\Field@Width=\dimen162
\Fld@charsize=\dimen163
Package hyperref Info: Hyper figures OFF on input line 6027.
Package hyperref Info: Link nesting OFF on input line 6032.
Package hyperref Info: Hyper index ON on input line 6035.
Package hyperref Info: backreferencing OFF on input line 6042.
Package hyperref Info: Link coloring OFF on input line 6047.
Package hyperref Info: Link coloring with OCG OFF on input line 6052.
Package hyperref Info: PDF/A mode OFF on input line 6057.

(C:\Users\Jakob\AppData\Local\Programs\MiKTeX\tex/latex/base\atbegshi-ltx.sty
Package: atbegshi-ltx 2021/01/10 v1.0c Emulation of the original atbegshi
package with kernel methods
)
\Hy@abspage=\count281
\c@Item=\count282
\c@Hfootnote=\count283
)
Package hyperref Info: Driver (autodetected): hpdftex.
(C:\Users\Jakob\AppData\Local\Programs\MiKTeX\tex/latex/hyperref\hpdftex.def
File: hpdftex.def 2022-11-13 v7.00u Hyperref driver for pdfTeX

(C:\Users\Jakob\AppData\Local\Programs\MiKTeX\tex/latex/base\atveryend-ltx.sty
Package: atveryend-ltx 2020/08/19 v1.0a Emulation of the original atveryend pac
kage
with kernel methods
)
\Fld@listcount=\count284
\c@bookmark@seq@number=\count285

(C:\Users\Jakob\AppData\Local\Programs\MiKTeX\tex/latex/rerunfilecheck\rerunfil
echeck.sty
Package: rerunfilecheck 2022-07-10 v1.10 Rerun checks for auxiliary files (HO)

(C:\Users\Jakob\AppData\Local\Programs\MiKTeX\tex/generic/uniquecounter\uniquec
ounter.sty
Package: uniquecounter 2019/12/15 v1.4 Provide unlimited unique counter (HO)
)
Package uniquecounter Info: New unique counter `rerunfilecheck' on input line 2
85.
)
\Hy@SectionHShift=\skip57
)
(C:\Users\Jakob\AppData\Local\Programs\MiKTeX\tex/latex/easyreview\easyReview.s
ty
Package: easyReview 2014/06/27 Package for Easy Review on LaTeX documents
Package: easyReview 2013/12/09 Package for Easy Review on LaTeX documents
 (C:\Users\Jakob\AppData\Local\Programs\MiKTeX\tex/generic/soul\soul.sty
Package: soul 2023-06-14 v3.1 Permit use of UTF-8 characters in soul (HO)

(C:\Users\Jakob\AppData\Local\Programs\MiKTeX\tex/generic/soul\soul-ori.sty
Package: soul-ori 2023-06-14 v3.1 letterspacing/underlining (mf)
\SOUL@word=\toks23
\SOUL@lasttoken=\toks24
\SOUL@syllable=\toks25
\SOUL@cmds=\toks26
\SOUL@buffer=\toks27
\SOUL@token=\toks28
\SOUL@syllgoal=\dimen164
\SOUL@syllwidth=\dimen165
\SOUL@charkern=\dimen166
\SOUL@hyphkern=\dimen167
\SOUL@dimen=\dimen168
\SOUL@dimeni=\dimen169
\SOUL@minus=\count286
\SOUL@comma=\count287
\SOUL@apo=\count288
\SOUL@grave=\count289
\SOUL@spaceskip=\skip58
\SOUL@ttwidth=\dimen170
\SOUL@uldp=\dimen171
\SOUL@ulht=\dimen172
))
(C:\Users\Jakob\AppData\Local\Programs\MiKTeX\tex/latex/xcolor\xcolor.sty
Package: xcolor 2022/06/12 v2.14 LaTeX color extensions (UK)

(C:\Users\Jakob\AppData\Local\Programs\MiKTeX\tex/latex/graphics-cfg\color.cfg
File: color.cfg 2016/01/02 v1.6 sample color configuration
)
Package xcolor Info: Driver file: pdftex.def on input line 227.

(C:\Users\Jakob\AppData\Local\Programs\MiKTeX\tex/latex/graphics-def\pdftex.def
File: pdftex.def 2022/09/22 v1.2b Graphics/color driver for pdftex
)
(C:\Users\Jakob\AppData\Local\Programs\MiKTeX\tex/latex/graphics\mathcolor.ltx)
Package xcolor Info: Model `cmy' substituted by `cmy0' on input line 1353.
Package xcolor Info: Model `hsb' substituted by `rgb' on input line 1357.
Package xcolor Info: Model `RGB' extended on input line 1369.
Package xcolor Info: Model `HTML' substituted by `rgb' on input line 1371.
Package xcolor Info: Model `Hsb' substituted by `hsb' on input line 1372.
Package xcolor Info: Model `tHsb' substituted by `hsb' on input line 1373.
Package xcolor Info: Model `HSB' substituted by `hsb' on input line 1374.
Package xcolor Info: Model `Gray' substituted by `gray' on input line 1375.
Package xcolor Info: Model `wave' substituted by `hsb' on input line 1376.
)
(C:\Users\Jakob\AppData\Local\Programs\MiKTeX\tex/latex/todonotes\todonotes.sty
Package: todonotes 2023/01/31 v1.1.6 Todonotes source and documentation.
Package: todonotes 2023/01/31
(C:\Users\Jakob\AppData\Local\Programs\MiKTeX\tex/latex/base\ifthen.sty
Package: ifthen 2022/04/13 v1.1d Standard LaTeX ifthen package (DPC)
)
(C:\Users\Jakob\AppData\Local\Programs\MiKTeX\tex/latex/xkeyval\xkeyval.sty
Package: xkeyval 2022/06/16 v2.9 package option processing (HA)

(C:\Users\Jakob\AppData\Local\Programs\MiKTeX\tex/generic/xkeyval\xkeyval.tex
(C:\Users\Jakob\AppData\Local\Programs\MiKTeX\tex/generic/xkeyval\xkvutils.tex
\XKV@toks=\toks29
\XKV@tempa@toks=\toks30
)
\XKV@depth=\count290
File: xkeyval.tex 2014/12/03 v2.7a key=value parser (HA)
))
(C:\Users\Jakob\AppData\Local\Programs\MiKTeX\tex/latex/pgf/frontendlayer\tikz.
sty
(C:\Users\Jakob\AppData\Local\Programs\MiKTeX\tex/latex/pgf/basiclayer\pgf.sty
(C:\Users\Jakob\AppData\Local\Programs\MiKTeX\tex/latex/pgf/utilities\pgfrcs.st
y
(C:\Users\Jakob\AppData\Local\Programs\MiKTeX\tex/generic/pgf/utilities\pgfutil
-common.tex
\pgfutil@everybye=\toks31
\pgfutil@tempdima=\dimen173
\pgfutil@tempdimb=\dimen174
)
(C:\Users\Jakob\AppData\Local\Programs\MiKTeX\tex/generic/pgf/utilities\pgfutil
-latex.def
\pgfutil@abb=\box54
)
(C:\Users\Jakob\AppData\Local\Programs\MiKTeX\tex/generic/pgf/utilities\pgfrcs.
code.tex
(C:\Users\Jakob\AppData\Local\Programs\MiKTeX\tex/generic/pgf\pgf.revision.tex)
Package: pgfrcs 2023-01-15 v3.1.10 (3.1.10)
))
Package: pgf 2023-01-15 v3.1.10 (3.1.10)

(C:\Users\Jakob\AppData\Local\Programs\MiKTeX\tex/latex/pgf/basiclayer\pgfcore.
sty
(C:\Users\Jakob\AppData\Local\Programs\MiKTeX\tex/latex/graphics\graphicx.sty
Package: graphicx 2021/09/16 v1.2d Enhanced LaTeX Graphics (DPC,SPQR)

(C:\Users\Jakob\AppData\Local\Programs\MiKTeX\tex/latex/graphics\graphics.sty
Package: graphics 2022/03/10 v1.4e Standard LaTeX Graphics (DPC,SPQR)

(C:\Users\Jakob\AppData\Local\Programs\MiKTeX\tex/latex/graphics\trig.sty
Package: trig 2021/08/11 v1.11 sin cos tan (DPC)
)
(C:\Users\Jakob\AppData\Local\Programs\MiKTeX\tex/latex/graphics-cfg\graphics.c
fg
File: graphics.cfg 2016/06/04 v1.11 sample graphics configuration
)
Package graphics Info: Driver file: pdftex.def on input line 107.
)
\Gin@req@height=\dimen175
\Gin@req@width=\dimen176
)
(C:\Users\Jakob\AppData\Local\Programs\MiKTeX\tex/latex/pgf/systemlayer\pgfsys.
sty
(C:\Users\Jakob\AppData\Local\Programs\MiKTeX\tex/generic/pgf/systemlayer\pgfsy
s.code.tex
Package: pgfsys 2023-01-15 v3.1.10 (3.1.10)

(C:\Users\Jakob\AppData\Local\Programs\MiKTeX\tex/generic/pgf/utilities\pgfkeys
.code.tex
\pgfkeys@pathtoks=\toks32
\pgfkeys@temptoks=\toks33

(C:\Users\Jakob\AppData\Local\Programs\MiKTeX\tex/generic/pgf/utilities\pgfkeys
libraryfiltered.code.tex
\pgfkeys@tmptoks=\toks34
))
\pgf@x=\dimen177
\pgf@y=\dimen178
\pgf@xa=\dimen179
\pgf@ya=\dimen180
\pgf@xb=\dimen181
\pgf@yb=\dimen182
\pgf@xc=\dimen183
\pgf@yc=\dimen184
\pgf@xd=\dimen185
\pgf@yd=\dimen186
\w@pgf@writea=\write3
\r@pgf@reada=\read2
\c@pgf@counta=\count291
\c@pgf@countb=\count292
\c@pgf@countc=\count293
\c@pgf@countd=\count294
\t@pgf@toka=\toks35
\t@pgf@tokb=\toks36
\t@pgf@tokc=\toks37
\pgf@sys@id@count=\count295

(C:\Users\Jakob\AppData\Local\Programs\MiKTeX\tex/generic/pgf/systemlayer\pgf.c
fg
File: pgf.cfg 2023-01-15 v3.1.10 (3.1.10)
)
Driver file for pgf: pgfsys-pdftex.def

(C:\Users\Jakob\AppData\Local\Programs\MiKTeX\tex/generic/pgf/systemlayer\pgfsy
s-pdftex.def
File: pgfsys-pdftex.def 2023-01-15 v3.1.10 (3.1.10)

(C:\Users\Jakob\AppData\Local\Programs\MiKTeX\tex/generic/pgf/systemlayer\pgfsy
s-common-pdf.def
File: pgfsys-common-pdf.def 2023-01-15 v3.1.10 (3.1.10)
)))
(C:\Users\Jakob\AppData\Local\Programs\MiKTeX\tex/generic/pgf/systemlayer\pgfsy
ssoftpath.code.tex
File: pgfsyssoftpath.code.tex 2023-01-15 v3.1.10 (3.1.10)
\pgfsyssoftpath@smallbuffer@items=\count296
\pgfsyssoftpath@bigbuffer@items=\count297
)
(C:\Users\Jakob\AppData\Local\Programs\MiKTeX\tex/generic/pgf/systemlayer\pgfsy
sprotocol.code.tex
File: pgfsysprotocol.code.tex 2023-01-15 v3.1.10 (3.1.10)
))
(C:\Users\Jakob\AppData\Local\Programs\MiKTeX\tex/generic/pgf/basiclayer\pgfcor
e.code.tex
Package: pgfcore 2023-01-15 v3.1.10 (3.1.10)

(C:\Users\Jakob\AppData\Local\Programs\MiKTeX\tex/generic/pgf/math\pgfmath.code
.tex
(C:\Users\Jakob\AppData\Local\Programs\MiKTeX\tex/generic/pgf/math\pgfmathutil.
code.tex)
(C:\Users\Jakob\AppData\Local\Programs\MiKTeX\tex/generic/pgf/math\pgfmathparse
r.code.tex
\pgfmath@dimen=\dimen187
\pgfmath@count=\count298
\pgfmath@box=\box55
\pgfmath@toks=\toks38
\pgfmath@stack@operand=\toks39
\pgfmath@stack@operation=\toks40
)
(C:\Users\Jakob\AppData\Local\Programs\MiKTeX\tex/generic/pgf/math\pgfmathfunct
ions.code.tex)
(C:\Users\Jakob\AppData\Local\Programs\MiKTeX\tex/generic/pgf/math\pgfmathfunct
ions.basic.code.tex)
(C:\Users\Jakob\AppData\Local\Programs\MiKTeX\tex/generic/pgf/math\pgfmathfunct
ions.trigonometric.code.tex)
(C:\Users\Jakob\AppData\Local\Programs\MiKTeX\tex/generic/pgf/math\pgfmathfunct
ions.random.code.tex)
(C:\Users\Jakob\AppData\Local\Programs\MiKTeX\tex/generic/pgf/math\pgfmathfunct
ions.comparison.code.tex)
(C:\Users\Jakob\AppData\Local\Programs\MiKTeX\tex/generic/pgf/math\pgfmathfunct
ions.base.code.tex)
(C:\Users\Jakob\AppData\Local\Programs\MiKTeX\tex/generic/pgf/math\pgfmathfunct
ions.round.code.tex)
(C:\Users\Jakob\AppData\Local\Programs\MiKTeX\tex/generic/pgf/math\pgfmathfunct
ions.misc.code.tex)
(C:\Users\Jakob\AppData\Local\Programs\MiKTeX\tex/generic/pgf/math\pgfmathfunct
ions.integerarithmetics.code.tex)
(C:\Users\Jakob\AppData\Local\Programs\MiKTeX\tex/generic/pgf/math\pgfmathcalc.
code.tex)
(C:\Users\Jakob\AppData\Local\Programs\MiKTeX\tex/generic/pgf/math\pgfmathfloat
.code.tex
\c@pgfmathroundto@lastzeros=\count299
))
(C:\Users\Jakob\AppData\Local\Programs\MiKTeX\tex/generic/pgf/math\pgfint.code.
tex)
(C:\Users\Jakob\AppData\Local\Programs\MiKTeX\tex/generic/pgf/basiclayer\pgfcor
epoints.code.tex
File: pgfcorepoints.code.tex 2023-01-15 v3.1.10 (3.1.10)
\pgf@picminx=\dimen188
\pgf@picmaxx=\dimen189
\pgf@picminy=\dimen190
\pgf@picmaxy=\dimen191
\pgf@pathminx=\dimen192
\pgf@pathmaxx=\dimen193
\pgf@pathminy=\dimen194
\pgf@pathmaxy=\dimen195
\pgf@xx=\dimen196
\pgf@xy=\dimen197
\pgf@yx=\dimen198
\pgf@yy=\dimen199
\pgf@zx=\dimen256
\pgf@zy=\dimen257
)
(C:\Users\Jakob\AppData\Local\Programs\MiKTeX\tex/generic/pgf/basiclayer\pgfcor
epathconstruct.code.tex
File: pgfcorepathconstruct.code.tex 2023-01-15 v3.1.10 (3.1.10)
\pgf@path@lastx=\dimen258
\pgf@path@lasty=\dimen259
)
(C:\Users\Jakob\AppData\Local\Programs\MiKTeX\tex/generic/pgf/basiclayer\pgfcor
epathusage.code.tex
File: pgfcorepathusage.code.tex 2023-01-15 v3.1.10 (3.1.10)
\pgf@shorten@end@additional=\dimen260
\pgf@shorten@start@additional=\dimen261
)
(C:\Users\Jakob\AppData\Local\Programs\MiKTeX\tex/generic/pgf/basiclayer\pgfcor
escopes.code.tex
File: pgfcorescopes.code.tex 2023-01-15 v3.1.10 (3.1.10)
\pgfpic=\box56
\pgf@hbox=\box57
\pgf@layerbox@main=\box58
\pgf@picture@serial@count=\count300
)
(C:\Users\Jakob\AppData\Local\Programs\MiKTeX\tex/generic/pgf/basiclayer\pgfcor
egraphicstate.code.tex
File: pgfcoregraphicstate.code.tex 2023-01-15 v3.1.10 (3.1.10)
\pgflinewidth=\dimen262
)
(C:\Users\Jakob\AppData\Local\Programs\MiKTeX\tex/generic/pgf/basiclayer\pgfcor
etransformations.code.tex
File: pgfcoretransformations.code.tex 2023-01-15 v3.1.10 (3.1.10)
\pgf@pt@x=\dimen263
\pgf@pt@y=\dimen264
\pgf@pt@temp=\dimen265
)
(C:\Users\Jakob\AppData\Local\Programs\MiKTeX\tex/generic/pgf/basiclayer\pgfcor
equick.code.tex
File: pgfcorequick.code.tex 2023-01-15 v3.1.10 (3.1.10)
)
(C:\Users\Jakob\AppData\Local\Programs\MiKTeX\tex/generic/pgf/basiclayer\pgfcor
eobjects.code.tex
File: pgfcoreobjects.code.tex 2023-01-15 v3.1.10 (3.1.10)
)
(C:\Users\Jakob\AppData\Local\Programs\MiKTeX\tex/generic/pgf/basiclayer\pgfcor
epathprocessing.code.tex
File: pgfcorepathprocessing.code.tex 2023-01-15 v3.1.10 (3.1.10)
)
(C:\Users\Jakob\AppData\Local\Programs\MiKTeX\tex/generic/pgf/basiclayer\pgfcor
earrows.code.tex
File: pgfcorearrows.code.tex 2023-01-15 v3.1.10 (3.1.10)
\pgfarrowsep=\dimen266
)
(C:\Users\Jakob\AppData\Local\Programs\MiKTeX\tex/generic/pgf/basiclayer\pgfcor
eshade.code.tex
File: pgfcoreshade.code.tex 2023-01-15 v3.1.10 (3.1.10)
\pgf@max=\dimen267
\pgf@sys@shading@range@num=\count301
\pgf@shadingcount=\count302
)
(C:\Users\Jakob\AppData\Local\Programs\MiKTeX\tex/generic/pgf/basiclayer\pgfcor
eimage.code.tex
File: pgfcoreimage.code.tex 2023-01-15 v3.1.10 (3.1.10)
)
(C:\Users\Jakob\AppData\Local\Programs\MiKTeX\tex/generic/pgf/basiclayer\pgfcor
eexternal.code.tex
File: pgfcoreexternal.code.tex 2023-01-15 v3.1.10 (3.1.10)
\pgfexternal@startupbox=\box59
)
(C:\Users\Jakob\AppData\Local\Programs\MiKTeX\tex/generic/pgf/basiclayer\pgfcor
elayers.code.tex
File: pgfcorelayers.code.tex 2023-01-15 v3.1.10 (3.1.10)
)
(C:\Users\Jakob\AppData\Local\Programs\MiKTeX\tex/generic/pgf/basiclayer\pgfcor
etransparency.code.tex
File: pgfcoretransparency.code.tex 2023-01-15 v3.1.10 (3.1.10)
)
(C:\Users\Jakob\AppData\Local\Programs\MiKTeX\tex/generic/pgf/basiclayer\pgfcor
epatterns.code.tex
File: pgfcorepatterns.code.tex 2023-01-15 v3.1.10 (3.1.10)
)
(C:\Users\Jakob\AppData\Local\Programs\MiKTeX\tex/generic/pgf/basiclayer\pgfcor
erdf.code.tex
File: pgfcorerdf.code.tex 2023-01-15 v3.1.10 (3.1.10)
)))
(C:\Users\Jakob\AppData\Local\Programs\MiKTeX\tex/generic/pgf/modules\pgfmodule
shapes.code.tex
File: pgfmoduleshapes.code.tex 2023-01-15 v3.1.10 (3.1.10)
\pgfnodeparttextbox=\box60
)
(C:\Users\Jakob\AppData\Local\Programs\MiKTeX\tex/generic/pgf/modules\pgfmodule
plot.code.tex
File: pgfmoduleplot.code.tex 2023-01-15 v3.1.10 (3.1.10)
)
(C:\Users\Jakob\AppData\Local\Programs\MiKTeX\tex/latex/pgf/compatibility\pgfco
mp-version-0-65.sty
Package: pgfcomp-version-0-65 2023-01-15 v3.1.10 (3.1.10)
\pgf@nodesepstart=\dimen268
\pgf@nodesepend=\dimen269
)
(C:\Users\Jakob\AppData\Local\Programs\MiKTeX\tex/latex/pgf/compatibility\pgfco
mp-version-1-18.sty
Package: pgfcomp-version-1-18 2023-01-15 v3.1.10 (3.1.10)
))
(C:\Users\Jakob\AppData\Local\Programs\MiKTeX\tex/latex/pgf/utilities\pgffor.st
y
(C:\Users\Jakob\AppData\Local\Programs\MiKTeX\tex/latex/pgf/utilities\pgfkeys.s
ty
(C:\Users\Jakob\AppData\Local\Programs\MiKTeX\tex/generic/pgf/utilities\pgfkeys
.code.tex))
(C:\Users\Jakob\AppData\Local\Programs\MiKTeX\tex/latex/pgf/math\pgfmath.sty
(C:\Users\Jakob\AppData\Local\Programs\MiKTeX\tex/generic/pgf/math\pgfmath.code
.tex))
(C:\Users\Jakob\AppData\Local\Programs\MiKTeX\tex/generic/pgf/utilities\pgffor.
code.tex
Package: pgffor 2023-01-15 v3.1.10 (3.1.10)
\pgffor@iter=\dimen270
\pgffor@skip=\dimen271
\pgffor@stack=\toks41
\pgffor@toks=\toks42
))
(C:\Users\Jakob\AppData\Local\Programs\MiKTeX\tex/generic/pgf/frontendlayer/tik
z\tikz.code.tex
Package: tikz 2023-01-15 v3.1.10 (3.1.10)

(C:\Users\Jakob\AppData\Local\Programs\MiKTeX\tex/generic/pgf/libraries\pgflibr
aryplothandlers.code.tex
File: pgflibraryplothandlers.code.tex 2023-01-15 v3.1.10 (3.1.10)
\pgf@plot@mark@count=\count303
\pgfplotmarksize=\dimen272
)
\tikz@lastx=\dimen273
\tikz@lasty=\dimen274
\tikz@lastxsaved=\dimen275
\tikz@lastysaved=\dimen276
\tikz@lastmovetox=\dimen277
\tikz@lastmovetoy=\dimen278
\tikzleveldistance=\dimen279
\tikzsiblingdistance=\dimen280
\tikz@figbox=\box61
\tikz@figbox@bg=\box62
\tikz@tempbox=\box63
\tikz@tempbox@bg=\box64
\tikztreelevel=\count304
\tikznumberofchildren=\count305
\tikznumberofcurrentchild=\count306
\tikz@fig@count=\count307

(C:\Users\Jakob\AppData\Local\Programs\MiKTeX\tex/generic/pgf/modules\pgfmodule
matrix.code.tex
File: pgfmodulematrix.code.tex 2023-01-15 v3.1.10 (3.1.10)
\pgfmatrixcurrentrow=\count308
\pgfmatrixcurrentcolumn=\count309
\pgf@matrix@numberofcolumns=\count310
)
\tikz@expandcount=\count311

(C:\Users\Jakob\AppData\Local\Programs\MiKTeX\tex/generic/pgf/frontendlayer/tik
z/libraries\tikzlibrarytopaths.code.tex
File: tikzlibrarytopaths.code.tex 2023-01-15 v3.1.10 (3.1.10)
)))
(C:\Users\Jakob\AppData\Local\Programs\MiKTeX\tex/generic/pgf/frontendlayer/tik
z/libraries\tikzlibrarypositioning.code.tex
File: tikzlibrarypositioning.code.tex 2023-01-15 v3.1.10 (3.1.10)
)
(C:\Users\Jakob\AppData\Local\Programs\MiKTeX\tex/latex/tools\calc.sty
Package: calc 2017/05/25 v4.3 Infix arithmetic (KKT,FJ)
\calc@Acount=\count312
\calc@Bcount=\count313
\calc@Adimen=\dimen281
\calc@Bdimen=\dimen282
\calc@Askip=\skip59
\calc@Bskip=\skip60
LaTeX Info: Redefining \setlength on input line 80.
LaTeX Info: Redefining \addtolength on input line 81.
\calc@Ccount=\count314
\calc@Cskip=\skip61
)
\c@@todonotes@numberoftodonotes=\count315
))
(C:\Users\Jakob\AppData\Local\Programs\MiKTeX\tex/latex/l3backend\l3backend-pdf
tex.def
File: l3backend-pdftex.def 2023-01-16 L3 backend support: PDF output (pdfTeX)
\l__color_backend_stack_int=\count316
\l__pdf_internal_box=\box65
) (root.aux

LaTeX Warning: Label `dryanovski2010multivolume' multiply defined.

)
\openout1 = `root.aux'.

LaTeX Font Info:    Checking defaults for OML/cmm/m/it on input line 58.
LaTeX Font Info:    ... okay on input line 58.
LaTeX Font Info:    Checking defaults for OMS/cmsy/m/n on input line 58.
LaTeX Font Info:    ... okay on input line 58.
LaTeX Font Info:    Checking defaults for OT1/cmr/m/n on input line 58.
LaTeX Font Info:    ... okay on input line 58.
LaTeX Font Info:    Checking defaults for T1/cmr/m/n on input line 58.
LaTeX Font Info:    ... okay on input line 58.
LaTeX Font Info:    Checking defaults for TS1/cmr/m/n on input line 58.
LaTeX Font Info:    ... okay on input line 58.
LaTeX Font Info:    Checking defaults for OMX/cmex/m/n on input line 58.
LaTeX Font Info:    ... okay on input line 58.
LaTeX Font Info:    Checking defaults for U/cmr/m/n on input line 58.
LaTeX Font Info:    ... okay on input line 58.
LaTeX Font Info:    Checking defaults for PD1/pdf/m/n on input line 58.
LaTeX Font Info:    ... okay on input line 58.
LaTeX Font Info:    Checking defaults for PU/pdf/m/n on input line 58.
LaTeX Font Info:    ... okay on input line 58.
Package hyperref Info: Link coloring OFF on input line 58.
 (root.out) (root.out)
\@outlinefile=\write4
\openout4 = `root.out'.


(C:\Users\Jakob\AppData\Local\Programs\MiKTeX\tex/context/base/mkii\supp-pdf.mk
ii
[Loading MPS to PDF converter (version 2006.09.02).]
\scratchcounter=\count317
\scratchdimen=\dimen283
\scratchbox=\box66
\nofMPsegments=\count318
\nofMParguments=\count319
\everyMPshowfont=\toks43
\MPscratchCnt=\count320
\MPscratchDim=\dimen284
\MPnumerator=\count321
\makeMPintoPDFobject=\count322
\everyMPtoPDFconversion=\toks44
)
(C:\Users\Jakob\AppData\Local\Programs\MiKTeX\tex/latex/epstopdf-pkg\epstopdf-b
ase.sty
Package: epstopdf-base 2020-01-24 v2.11 Base part for package epstopdf
Package epstopdf-base Info: Redefining graphics rule for `.eps' on input line 4
85.

(C:\Users\Jakob\AppData\Local\Programs\MiKTeX\tex/latex/00miktex\epstopdf-sys.c
fg
File: epstopdf-sys.cfg 2021/03/18 v2.0 Configuration of epstopdf for MiKTeX
))

Package todonotes Warning: The length marginparwidth is less than 2cm and will 
most likely cause issues with the appearance of inserted todonotes. The issue c
an be solved by adding a line like \setlength {\marginparwidth }{2cm} prior to 
loading the todonotes package. on input line 58.

LaTeX Font Info:    Calculating math sizes for size <11> on input line 63.
LaTeX Font Info:    Trying to load font information for U+msa on input line 63.

(C:\Users\Jakob\AppData\Local\Programs\MiKTeX\tex/latex/amsfonts\umsa.fd
File: umsa.fd 2013/01/14 v3.01 AMS symbols A
)
LaTeX Font Info:    Trying to load font information for U+msb on input line 63.


(C:\Users\Jakob\AppData\Local\Programs\MiKTeX\tex/latex/amsfonts\umsb.fd
File: umsb.fd 2013/01/14 v3.01 AMS symbols B
)

LaTeX Warning: Reference `eq:hadamard' on page 1 undefined on input line 102.


Underfull \hbox (badness 1748) in paragraph at lines 102--103
[]\OT1/ptm/m/n/10 By em-ploy-ing the Hadamard (element-wise) prod-uct
 []

Package hyperref Info: bookmark level for unknown todo defaults to 0 on input l
ine 122.
[1{C:/Users/Jakob/AppData/Local/MiKTeX/fonts/map/pdftex/pdftex.map}


] [2]
Overfull \hbox (12.78093pt too wide) detected at line 275
[][][][]\OML/cmm/m/it/10 rep[] \OT1/cmr/m/n/10 = [](\OML/cmm/m/it/10 X\OT1/cmr/
m/n/10 [\OML/cmm/m/it/10 i\OT1/cmr/m/n/10 ]\OML/cmm/m/it/10 ; Y\OT1/cmr/m/n/10 
[\OML/cmm/m/it/10 j\OT1/cmr/m/n/10 ]\OML/cmm/m/it/10 ; Z\OT1/cmr/m/n/10 [\OML/c
mm/m/it/10 k\OT1/cmr/m/n/10 ]) \OMS/cmsy/m/n/10 8\OML/cmm/m/it/10 i; j; k \OMS/
cmsy/m/n/10 2 f\OT1/cmr/m/n/10 1\OML/cmm/m/it/10 ; \OT1/cmr/m/n/10 2\OMS/cmsy/m
/n/10 g
 []


Overfull \hbox (41.14462pt too wide) detected at line 325
[][][][]\OML/cmm/m/it/10 rep[] \OT1/cmr/m/n/10 = []\OML/cmm/m/it/10 rep[]\OT1/c
mr/m/n/10 (1 \OMS/cmsy/m/n/10 ^^@ \OT1/cmr/m/n/10 ^^A\OML/cmm/m/it/10 x\OT1/cmr
/m/n/10 ) + []\OML/cmm/m/it/10 rep[] \OT1/cmr/m/n/10 ^^A\OML/cmm/m/it/10 x \OMS
/cmsy/m/n/10 8 \OML/cmm/m/it/10 j; k \OMS/cmsy/m/n/10 2 f\OT1/cmr/m/n/10 1\OML/
cmm/m/it/10 ; \OT1/cmr/m/n/10 2\OMS/cmsy/m/n/10 g
 []


Overfull \hbox (20.51724pt too wide) detected at line 338
[][][][]\OML/cmm/m/it/10 rep[] \OT1/cmr/m/n/10 = []\OML/cmm/m/it/10 rep[]\OT1/c
mr/m/n/10 (1 \OMS/cmsy/m/n/10 ^^@ \OT1/cmr/m/n/10 ^^A\OML/cmm/m/it/10 y\OT1/cmr
/m/n/10 ) + []\OML/cmm/m/it/10 rep[] \OT1/cmr/m/n/10 ^^A\OML/cmm/m/it/10 y \OMS
/cmsy/m/n/10 8 \OML/cmm/m/it/10 k \OMS/cmsy/m/n/10 2 f\OT1/cmr/m/n/10 1\OML/cmm
/m/it/10 ; \OT1/cmr/m/n/10 2\OMS/cmsy/m/n/10 g
 []

Package epstopdf Info: Source file: <demo-field1c.eps>
(epstopdf)                    date: 2024-03-11 11:39:44
(epstopdf)                    size: 91453 bytes
(epstopdf)             Output file: <demo-field1c-eps-converted-to.pdf>
(epstopdf)                    date: 2024-03-11 11:39:51
(epstopdf)                    size: 80184 bytes
(epstopdf)             Command: <miktex-epstopdf --outfile=demo-field1c-eps-con
verted-to.pdf demo-field1c.eps>
(epstopdf)             \includegraphics on input line 355.
Package epstopdf Info: Output file is already uptodate.


pdfTeX warning: pdflatex.exe (file ./demo-field1c-eps-converted-to.pdf): PDF in
clusion: found PDF version <1.7>, but at most version <1.5> allowed
<demo-field1c-eps-converted-to.pdf, id=94, 276.03125pt x 498.86375pt>
File: demo-field1c-eps-converted-to.pdf Graphic file (type pdf)
<use demo-field1c-eps-converted-to.pdf>
Package pdftex.def Info: demo-field1c-eps-converted-to.pdf  used on input line 
355.
(pdftex.def)             Requested size: 233.43144pt x 421.8896pt.
[3 <./demo-field1c-eps-converted-to.pdf>]
Package epstopdf Info: Source file: <non_and_interp_4_plots.eps>
(epstopdf)                    date: 2024-03-11 12:01:06
(epstopdf)                    size: 140901 bytes
(epstopdf)             Output file: <non_and_interp_4_plots-eps-converted-to.pd
f>
(epstopdf)                    date: 2024-03-11 12:04:58
(epstopdf)                    size: 97617 bytes
(epstopdf)             Command: <miktex-epstopdf --outfile=non_and_interp_4_plo
ts-eps-converted-to.pdf non_and_interp_4_plots.eps>
(epstopdf)             \includegraphics on input line 368.
Package epstopdf Info: Output file is already uptodate.


pdfTeX warning: pdflatex.exe (file ./non_and_interp_4_plots-eps-converted-to.pd
f): PDF inclusion: found PDF version <1.7>, but at most version <1.5> allowed
<non_and_interp_4_plots-eps-converted-to.pdf, id=113, 421.575pt x 316.18124pt>
File: non_and_interp_4_plots-eps-converted-to.pdf Graphic file (type pdf)
<use non_and_interp_4_plots-eps-converted-to.pdf>
Package pdftex.def Info: non_and_interp_4_plots-eps-converted-to.pdf  used on i
nput line 368.
(pdftex.def)             Requested size: 245.71811pt x 184.29225pt.
Package epstopdf Info: Source file: <keyframes_3D.eps>
(epstopdf)                    date: 2024-03-11 19:53:28
(epstopdf)                    size: 35259 bytes
(epstopdf)             Output file: <keyframes_3D-eps-converted-to.pdf>
(epstopdf)                    date: 2024-03-11 19:43:16
(epstopdf)                    size: 22689 bytes
(epstopdf)             Command: <miktex-epstopdf --outfile=keyframes_3D-eps-con
verted-to.pdf keyframes_3D.eps>
(epstopdf)             \includegraphics on input line 379.
runsystem(miktex-epstopdf --outfile=keyframes_3D-eps-converted-to.pdf keyframes
_3D.eps)...executed safely (allowed).

Package epstopdf Info: Result file: <keyframes_3D-eps-converted-to.pdf>
(epstopdf)                    date: 2024-03-11 19:54:19
(epstopdf)                    size: 31370 bytes.


pdfTeX warning: pdflatex.exe (file ./keyframes_3D-eps-converted-to.pdf): PDF in
clusion: found PDF version <1.7>, but at most version <1.5> allowed
<keyframes_3D-eps-converted-to.pdf, id=114, 376.40625pt x 225.84375pt>
File: keyframes_3D-eps-converted-to.pdf Graphic file (type pdf)
<use keyframes_3D-eps-converted-to.pdf>
Package pdftex.def Info: keyframes_3D-eps-converted-to.pdf  used on input line 
379.
(pdftex.def)             Requested size: 245.71811pt x 147.43422pt.
Package epstopdf Info: Source file: <keyframes_2D.eps>
(epstopdf)                    date: 2024-03-11 19:52:35
(epstopdf)                    size: 34740 bytes
(epstopdf)             Output file: <keyframes_2D-eps-converted-to.pdf>
(epstopdf)             Command: <miktex-epstopdf --outfile=keyframes_2D-eps-con
verted-to.pdf keyframes_2D.eps>
(epstopdf)             \includegraphics on input line 386.
runsystem(miktex-epstopdf --outfile=keyframes_2D-eps-converted-to.pdf keyframes
_2D.eps)...executed safely (allowed).

Package epstopdf Info: Result file: <keyframes_2D-eps-converted-to.pdf>
(epstopdf)                    date: 2024-03-11 19:54:20
(epstopdf)                    size: 31492 bytes.


pdfTeX warning: pdflatex.exe (file ./keyframes_2D-eps-converted-to.pdf): PDF in
clusion: found PDF version <1.7>, but at most version <1.5> allowed
<keyframes_2D-eps-converted-to.pdf, id=115, 376.40625pt x 225.84375pt>
File: keyframes_2D-eps-converted-to.pdf Graphic file (type pdf)
<use keyframes_2D-eps-converted-to.pdf>
Package pdftex.def Info: keyframes_2D-eps-converted-to.pdf  used on input line 
386.
(pdftex.def)             Requested size: 245.71811pt x 147.43422pt.

LaTeX Warning: `h' float specifier changed to `ht'.

LaTeX Font Info:    Trying to load font information for OT1+pcr on input line 4
11.
(C:\Users\Jakob\AppData\Local\Programs\MiKTeX\tex/latex/psnfss\ot1pcr.fd
File: ot1pcr.fd 2001/06/04 font definitions for OT1/pcr.
)
Underfull \hbox (badness 5696) in paragraph at lines 416--417
[]\OT1/ptm/m/n/8 H. Toshani and M. Far-rokhi, \Real-time in-verse kine-mat-ics
 []


Underfull \hbox (badness 1990) in paragraph at lines 416--417
\OT1/ptm/m/n/8 pro-gram-ming: A Lyapunov-based ap-proach," Robotics and Au-
 []


Underfull \hbox (badness 1389) in paragraph at lines 427--428
[]\OT1/ptm/m/n/8 T. Yoshikawa, \Dy-namic hy-brid po-si-tion/force con-trol of r
obot
 []


Underfull \hbox (badness 1694) in paragraph at lines 429--430
[]\OT1/ptm/m/n/8 O. Khatib, \A uni-fied ap-proach for mo-tion and force con-tro
l
 []


Underfull \hbox (badness 5302) in paragraph at lines 441--442
\OT1/ptm/m/n/8 and Au-toma-tion Pro-ceed-ings, Mar. 1985, pp. 500{505. doi:
 []

[4 <./non_and_interp_4_plots-eps-converted-to.pdf> <./keyframes_3D-eps-converte
d-to.pdf> <./keyframes_2D-eps-converted-to.pdf>]
Underfull \hbox (badness 1742) in paragraph at lines 463--464
[]\OT1/ptm/m/n/8 Z. Long, \Vir-tual tar-get point-based obstacle-avoidance meth
od
 []


Underfull \hbox (badness 1389) in paragraph at lines 463--464
\OT1/ptm/m/n/8 for ma-nip-u-la-tor sys-tems in a clut-tered en-vi-ron-ment," En
-gi-neer-
 []


Underfull \hbox (badness 2735) in paragraph at lines 485--486
[]\OT1/ptm/m/n/8 J. D. Gam-mell, S. S. Srini-vasa, and T. D. Bar-foot, \Batch
 []


Underfull \hbox (badness 3209) in paragraph at lines 485--486
\OT1/ptm/m/n/8 In-formed Trees (BIT*): Sampling-based Op-ti-mal Plan-ning via
 []

[5]
Underfull \hbox (badness 2384) in paragraph at lines 489--490
\OT1/ptm/m/n/8 Sys-tems, Chicago, IL, USA, Sep. 2014, pp. 2997{3004. doi:
 []


Underfull \hbox (badness 2173) in paragraph at lines 497--498
[]\OT1/ptm/m/n/8 B. Si-cil-iano, L. Sci-av-icco, L. Vil-lani, and G. Ori-olo, R
obot.
 []


Underfull \hbox (badness 1939) in paragraph at lines 497--498
\OT1/ptm/m/n/8 Model. Plan. Con-trol, 2010, pp. 161{189. [On-line]. Avail-able:

 []


Underfull \hbox (badness 2111) in paragraph at lines 505--506
\OT1/ptm/m/n/8 vol. 15, no. 6, Art. no. 1729881418820223, Nov. 2018, doi:
 []

[6]
Underfull \hbox (badness 10000) in paragraph at lines 525--526
[]\OT1/ptm/m/n/8 S. Thrun, Prob-a-bilis-tic robotics, vol. 45, 2002.
 []


Underfull \hbox (badness 10000) in paragraph at lines 525--526
\OT1/ptm/m/n/8 Ac-cessed: Jun. 14, 2023. [On-line]. Avail-able:
 []


** Conference Paper **
Before submitting the final camera ready copy, remember to:

 1. Manually equalize the lengths of two columns on the last page
 of your paper;

 2. Ensure that any PostScript and/or PDF output post-processing
 uses only Type 1 fonts and that every step in the generation
 process uses the US letter (8.5in X 11in) paper size.

[7] (root.aux)

LaTeX Warning: There were undefined references.


LaTeX Warning: There were multiply-defined labels.

Package rerunfilecheck Info: File `root.out' has not changed.
(rerunfilecheck)             Checksum: DD300E8767B5AD2C9FBD6039FEE24348;1677.
 ) 
Here is how much of TeX's memory you used:
 21655 strings out of 476375
 409353 string characters out of 5788976
 1884299 words of memory out of 5000000
 41560 multiletter control sequences out of 15000+600000
 551252 words of font info for 116 fonts, out of 8000000 for 9000
 1141 hyphenation exceptions out of 8191
 132i,10n,132p,951b,860s stack positions out of 10000i,1000n,20000p,200000b,200000s
{C:/Users/Jakob/AppData/Local/Programs/MiKTeX/fonts/enc/dvips/base/8r.enc}<C:
/Users/Jakob/AppData/Local/Programs/MiKTeX/fonts/type1/public/amsfonts/cm/cmex1
0.pfb><C:/Users/Jakob/AppData/Local/Programs/MiKTeX/fonts/type1/public/amsfonts
/cm/cmmi10.pfb><C:/Users/Jakob/AppData/Local/Programs/MiKTeX/fonts/type1/public
/amsfonts/cm/cmmi5.pfb><C:/Users/Jakob/AppData/Local/Programs/MiKTeX/fonts/type
1/public/amsfonts/cm/cmmi7.pfb><C:/Users/Jakob/AppData/Local/Programs/MiKTeX/fo
nts/type1/public/amsfonts/cm/cmr10.pfb><C:/Users/Jakob/AppData/Local/Programs/M
iKTeX/fonts/type1/public/amsfonts/cm/cmr5.pfb><C:/Users/Jakob/AppData/Local/Pro
grams/MiKTeX/fonts/type1/public/amsfonts/cm/cmr7.pfb><C:/Users/Jakob/AppData/Lo
cal/Programs/MiKTeX/fonts/type1/public/amsfonts/cm/cmr8.pfb><C:/Users/Jakob/App
Data/Local/Programs/MiKTeX/fonts/type1/public/amsfonts/cm/cmsy10.pfb><C:/Users/
Jakob/AppData/Local/Programs/MiKTeX/fonts/type1/public/amsfonts/cm/cmsy7.pfb><C
:/Users/Jakob/AppData/Local/Programs/MiKTeX/fonts/type1/urw/courier/ucrr8a.pfb>
<C:/Users/Jakob/AppData/Local/Programs/MiKTeX/fonts/type1/urw/times/utmb8a.pfb>
<C:/Users/Jakob/AppData/Local/Programs/MiKTeX/fonts/type1/urw/times/utmbi8a.pfb
><C:/Users/Jakob/AppData/Local/Programs/MiKTeX/fonts/type1/urw/times/utmr8a.pfb
><C:/Users/Jakob/AppData/Local/Programs/MiKTeX/fonts/type1/urw/times/utmri8a.pf
b>
Output written on root.pdf (7 pages, 466796 bytes).
PDF statistics:
 315 PDF objects out of 1000 (max. 8388607)
 111 named destinations out of 1000 (max. 500000)
 129 words of extra memory for PDF output out of 10000 (max. 10000000)

